2024-09-28T14:40:53.580 helix_lsp::transport [ERROR] clangd err <- "I[14:40:53.580] clangd version 18.1.8\n"
2024-09-28T14:40:53.580 helix_lsp::transport [ERROR] clangd err <- "I[14:40:53.580] Features: linux\n"
2024-09-28T14:40:53.580 helix_lsp::transport [ERROR] clangd err <- "I[14:40:53.580] PID: 35842\n"
2024-09-28T14:40:53.580 helix_lsp::transport [ERROR] clangd err <- "I[14:40:53.580] Working directory: /mnt/Dev/ThirdParty/SATAN\n"
2024-09-28T14:40:53.580 helix_lsp::transport [ERROR] clangd err <- "I[14:40:53.580] argv[0]: /nix/store/8cw3113rgdyalw43s87aajh56p604k3j-clang-18.1.8/bin/clangd\n"
2024-09-28T14:40:53.580 helix_lsp::transport [ERROR] clangd err <- "I[14:40:53.580] Starting LSP over stdin/stdout\n"
2024-09-28T14:40:53.580 helix_lsp::transport [ERROR] clangd err <- "I[14:40:53.580] <-- initialize(0)\n"
2024-09-28T14:40:53.581 helix_lsp::transport [ERROR] clangd err <- "I[14:40:53.581] --> reply:initialize(0) 0 ms\n"
2024-09-28T14:40:53.581 helix_lsp::transport [ERROR] clangd err <- "I[14:40:53.581] <-- initialized\n"
2024-09-28T14:40:53.581 helix_lsp::transport [ERROR] clangd err <- "I[14:40:53.581] <-- textDocument/didOpen\n"
2024-09-28T14:40:53.582 helix_lsp::transport [ERROR] clangd err <- "I[14:40:53.582] Loaded compilation database from /mnt/Dev/ThirdParty/SATAN/compile_commands.json\n"
2024-09-28T14:40:53.582 helix_lsp::transport [ERROR] clangd err <- "I[14:40:53.582] ASTWorker building file /mnt/Dev/ThirdParty/SATAN/kernel/kernel.c version 0 with command \n"
2024-09-28T14:40:53.582 helix_lsp::transport [ERROR] clangd err <- "[/mnt/Dev/ThirdParty/SATAN]\n"
2024-09-28T14:40:53.582 helix_lsp::transport [ERROR] clangd err <- "/nix/store/6dgds47fmf2q6mmfnaga4mzhgvssf21z-i686-elf-gcc-wrapper-13.3.0/bin/i686-elf-gcc --target=i686-elf -Ikernel -Ikernel/arch/x86 -Iinc -g -ffreestanding -falign-jumps -falign-functions -falign-labels -falign-loops -fstrength-reduce -fomit-frame-pointer -finline-functions -Wno-unused-function -fno-builtin -Werror -Wno-unused-label -Wno-cpp -Wno-unused-parameter -Wall -O0 -std=gnu99 -c -o build/kernel.o -resource-dir=/nix/store/8cw3113rgdyalw43s87aajh56p604k3j-clang-18.1.8/lib/clang/18 -- /mnt/Dev/ThirdParty/SATAN/kernel/kernel.c\n"
2024-09-28T14:40:53.583 helix_lsp::transport [ERROR] clangd err <- "I[14:40:53.583] --> window/workDoneProgress/create(0)\n"
2024-09-28T14:40:53.583 helix_lsp::transport [ERROR] clangd err <- "I[14:40:53.583] Enqueueing 6 commands for indexing\n"
2024-09-28T14:40:53.583 helix_lsp::transport [ERROR] clangd err <- "I[14:40:53.583] <-- reply(0)\n"
2024-09-28T14:40:53.583 helix_lsp::transport [ERROR] clangd err <- "I[14:40:53.583] --> $/progress\n"
2024-09-28T14:40:53.583 helix_lsp::transport [ERROR] clangd err <- "I[14:40:53.583] --> $/progress\n"
2024-09-28T14:40:53.588 helix_lsp::transport [ERROR] clangd err <- "I[14:40:53.588] --> $/progress\n"
2024-09-28T14:40:53.588 helix_lsp::transport [ERROR] clangd err <- "I[14:40:53.588] --> $/progress\n"
2024-09-28T14:40:53.597 helix_lsp::transport [ERROR] clangd err <- "I[14:40:53.597] Built preamble of size 205436 for file /mnt/Dev/ThirdParty/SATAN/kernel/kernel.c version 0 in 0.01 seconds\n"
2024-09-28T14:40:53.609 helix_lsp::transport [ERROR] clangd err <- "E[14:40:53.609] IncludeCleaner: Failed to get an entry for resolved path : No such file or directory\n"
2024-09-28T14:40:53.609 helix_lsp::transport [ERROR] clangd err <- "E[14:40:53.609] IncludeCleaner: Failed to get an entry for resolved path : No such file or directory\n"
2024-09-28T14:40:53.610 helix_lsp::transport [ERROR] clangd err <- "I[14:40:53.610] --> textDocument/publishDiagnostics\n"
2024-09-28T14:42:15.781 helix_lsp::transport [ERROR] clangd err <- "I[14:42:15.780] <-- shutdown(1)\n"
2024-09-28T14:42:15.781 helix_lsp::transport [ERROR] clangd err <- "I[14:42:15.780] --> reply:shutdown(1) 0 ms\n"
2024-09-28T14:42:15.781 helix_lsp::transport [ERROR] clangd err <- "I[14:42:15.781] <-- exit\n"
2024-09-28T14:42:15.781 helix_lsp::transport [ERROR] clangd err <- "I[14:42:15.781] LSP finished, exiting with status 0\n"
